<?xml version="1.0" encoding="UTF-8"?>
<!-- Generated by org.testng.reporters.JUnitReportReporter -->
<testsuite skipped="1" hostname="krish" name="testngattributes.a1" tests="3" failures="0" timestamp="2023-11-01T10:07:13 IST" time="0.008" errors="0">
  <testcase name="ab" time="0.007" classname="testngattributes.a1"/>
  <system-out/>
  <testcase name="m2" time="0.001" classname="testngattributes.a1"/>
  <system-out/>
  <testcase name="m1" classname="testngattributes.a1">
    <skipped/>
  </testcase> <!-- m1 -->
  <system-out/>
</testsuite> <!-- testngattributes.a1 -->
