<?xml version="1.0" encoding="UTF-8"?>
<!-- Generated by org.testng.reporters.JUnitReportReporter -->
<testsuite skipped="0" hostname="krish" name="testngwaits.ex" tests="1" failures="0" timestamp="2023-11-15T09:56:34 IST" time="3.818" errors="0">
  <testcase name="hs" time="3.818" classname="testngwaits.ex"/>
  <system-out/>
</testsuite> <!-- testngwaits.ex -->
