<?xml version="1.0" encoding="UTF-8"?>
<!-- Generated by org.testng.reporters.JUnitReportReporter -->
<testsuite skipped="0" hostname="krish" name="dataprovider.f1" tests="3" failures="0" timestamp="2023-11-13T10:21:01 IST" time="21.340" errors="0">
  <testcase name="DataProvSampleTest" time="8.908" classname="dataprovider.f1"/>
  <system-out/>
  <testcase name="DataProvSampleTest" time="6.051" classname="dataprovider.f1"/>
  <system-out/>
  <testcase name="DataProvSampleTest" time="6.381" classname="dataprovider.f1"/>
  <system-out/>
</testsuite> <!-- dataprovider.f1 -->
