<?xml version="1.0" encoding="UTF-8"?>
<!-- Generated by org.testng.reporters.JUnitReportReporter -->
<testsuite skipped="0" hostname="krish" name="testngdependency.real" tests="7" failures="0" timestamp="2023-11-02T09:51:10 IST" time="15.120" errors="0">
  <testcase name="visiting" time="5.778" classname="testngdependency.real"/>
  <system-out/>
  <testcase name="max" time="0.146" classname="testngdependency.real"/>
  <system-out/>
  <testcase name="refreshing" time="0.548" classname="testngdependency.real"/>
  <system-out/>
  <testcase name="refreshing" time="0.542" classname="testngdependency.real"/>
  <system-out/>
  <testcase name="refreshing" time="0.543" classname="testngdependency.real"/>
  <system-out/>
  <testcase name="loging" time="4.879" classname="testngdependency.real"/>
  <system-out/>
  <testcase name="closing" time="2.684" classname="testngdependency.real"/>
  <system-out/>
</testsuite> <!-- testngdependency.real -->
