<?xml version="1.0" encoding="UTF-8"?>
<!-- Generated by org.testng.reporters.JUnitReportReporter -->
<testsuite skipped="0" hostname="krish" name="testngassertion.a1" tests="1" failures="0" timestamp="2023-11-07T10:04:37 IST" time="4.788" errors="0">
  <testcase name="hs" time="4.788" classname="testngassertion.a1"/>
  <system-out/>
</testsuite> <!-- testngassertion.a1 -->
